Command line invocation:
    /Applications/Xcode.app/Contents/Developer/usr/bin/xcodebuild -project FridgeManager.xcodeproj -scheme FridgeManager -configuration Debug "-destination 'platform=iOS Simulator,name=iPhone 15'" clean build

2026-02-21 20:58:24.474 xcodebuild[64416:1411992] [MT] IDERunDestination: Supported platforms for the buildables in the current scheme is empty.
--- xcodebuild: WARNING: Using the first of multiple matching destinations:
{ platform:macOS, arch:arm64, variant:Designed for [iPad,iPhone], id:00008103-000D78E93C31001E, name:My Mac }
{ platform:iOS, id:dvtdevice-DVTiPhonePlaceholder-iphoneos:placeholder, name:Any iOS Device }
{ platform:iOS Simulator, id:dvtdevice-DVTiOSDeviceSimulatorPlaceholder-iphonesimulator:placeholder, name:Any iOS Simulator Device }
{ platform:iOS Simulator, arch:arm64, id:18764EDE-97FF-4EEC-8E7B-2B5383381779, OS:26.2, name:FM-Test-iPhone-17 }
{ platform:iOS Simulator, arch:arm64, id:420D409F-B8B6-42A5-A22D-DB636F4C9BB2, OS:26.2, name:iPad (A16) }
{ platform:iOS Simulator, arch:arm64, id:45528088-F37A-4234-AB1B-B6B5E9630DF9, OS:26.2, name:iPad Air 11-inch (M3) }
{ platform:iOS Simulator, arch:arm64, id:9CBE854F-B3BF-48B4-97E4-89C81B0F7348, OS:26.2, name:iPad Air 13-inch (M3) }
{ platform:iOS Simulator, arch:arm64, id:5FAAFF44-25A4-439E-9CDA-4A37CC524919, OS:26.2, name:iPad Pro 11-inch (M5) }
{ platform:iOS Simulator, arch:arm64, id:FCC2186D-0AD7-4805-9A02-4AC8CF74449E, OS:26.2, name:iPad Pro 13-inch (M5) }
{ platform:iOS Simulator, arch:arm64, id:34E3CF80-E8A8-4780-9D69-E0189F02AC94, OS:26.2, name:iPad mini (A17 Pro) }
{ platform:iOS Simulator, arch:arm64, id:5C0470BE-075D-4ADA-808E-E8EF21A8619F, OS:26.2, name:iPhone 16e }
{ platform:iOS Simulator, arch:arm64, id:60648CFD-A7BC-454B-A80C-74170AC32C7D, OS:26.2, name:iPhone 17 }
{ platform:iOS Simulator, arch:arm64, id:69A0FCC1-9711-4036-A8B6-C84D78528101, OS:26.2, name:iPhone 17 Pro }
{ platform:iOS Simulator, arch:arm64, id:BDE9BA6F-9F73-4231-9EFE-BD978DD80B89, OS:26.2, name:iPhone 17 Pro Max }
{ platform:iOS Simulator, arch:arm64, id:16C7906D-F83C-4B0B-A031-439139E6EA78, OS:26.2, name:iPhone Air }
CreateBuildRequest

SendProjectDescription

CreateBuildOperation

** CLEAN SUCCEEDED **

--- xcodebuild: WARNING: Using the first of multiple matching destinations:
{ platform:macOS, arch:arm64, variant:Designed for [iPad,iPhone], id:00008103-000D78E93C31001E, name:My Mac }
{ platform:iOS, id:dvtdevice-DVTiPhonePlaceholder-iphoneos:placeholder, name:Any iOS Device }
{ platform:iOS Simulator, id:dvtdevice-DVTiOSDeviceSimulatorPlaceholder-iphonesimulator:placeholder, name:Any iOS Simulator Device }
{ platform:iOS Simulator, arch:arm64, id:18764EDE-97FF-4EEC-8E7B-2B5383381779, OS:26.2, name:FM-Test-iPhone-17 }
{ platform:iOS Simulator, arch:arm64, id:420D409F-B8B6-42A5-A22D-DB636F4C9BB2, OS:26.2, name:iPad (A16) }
{ platform:iOS Simulator, arch:arm64, id:45528088-F37A-4234-AB1B-B6B5E9630DF9, OS:26.2, name:iPad Air 11-inch (M3) }
{ platform:iOS Simulator, arch:arm64, id:9CBE854F-B3BF-48B4-97E4-89C81B0F7348, OS:26.2, name:iPad Air 13-inch (M3) }
{ platform:iOS Simulator, arch:arm64, id:5FAAFF44-25A4-439E-9CDA-4A37CC524919, OS:26.2, name:iPad Pro 11-inch (M5) }
{ platform:iOS Simulator, arch:arm64, id:FCC2186D-0AD7-4805-9A02-4AC8CF74449E, OS:26.2, name:iPad Pro 13-inch (M5) }
{ platform:iOS Simulator, arch:arm64, id:34E3CF80-E8A8-4780-9D69-E0189F02AC94, OS:26.2, name:iPad mini (A17 Pro) }
{ platform:iOS Simulator, arch:arm64, id:5C0470BE-075D-4ADA-808E-E8EF21A8619F, OS:26.2, name:iPhone 16e }
{ platform:iOS Simulator, arch:arm64, id:60648CFD-A7BC-454B-A80C-74170AC32C7D, OS:26.2, name:iPhone 17 }
{ platform:iOS Simulator, arch:arm64, id:69A0FCC1-9711-4036-A8B6-C84D78528101, OS:26.2, name:iPhone 17 Pro }
{ platform:iOS Simulator, arch:arm64, id:BDE9BA6F-9F73-4231-9EFE-BD978DD80B89, OS:26.2, name:iPhone 17 Pro Max }
{ platform:iOS Simulator, arch:arm64, id:16C7906D-F83C-4B0B-A031-439139E6EA78, OS:26.2, name:iPhone Air }
ComputePackagePrebuildTargetDependencyGraph

Prepare packages

CreateBuildRequest

SendProjectDescription

CreateBuildOperation

ComputeTargetDependencyGraph
note: Building targets in dependency order
note: Target dependency graph (1 target)
    Target 'FridgeManager' in project 'FridgeManager' (no dependencies)

GatherProvisioningInputs

CreateBuildDescription

ExecuteExternalTool /Applications/Xcode.app/Contents/Developer/Toolchains/XcodeDefault.xctoolchain/usr/bin/clang -v -E -dM -isysroot /Applications/Xcode.app/Contents/Developer/Platforms/iPhoneOS.platform/Developer/SDKs/iPhoneOS26.2.sdk -x c -c /dev/null

ExecuteExternalTool /Applications/Xcode.app/Contents/Developer/usr/bin/actool --print-asset-tag-combinations --output-format xml1 /Users/filip/Projects/FridgeManager/FridgeManager/FridgeManager/FridgeManager/Assets.xcassets

ExecuteExternalTool /Applications/Xcode.app/Contents/Developer/usr/bin/actool --version --output-format xml1

ExecuteExternalTool /Applications/Xcode.app/Contents/Developer/Toolchains/XcodeDefault.xctoolchain/usr/bin/swiftc --version

ExecuteExternalTool /Applications/Xcode.app/Contents/Developer/Toolchains/XcodeDefault.xctoolchain/usr/bin/ld -version_details

Build description signature: c9b684b60a1f391ae4c01c7e555a12ee
Build description path: /Users/filip/Library/Developer/Xcode/DerivedData/FridgeManager-cqwjywvxdxuliyanckgpjwbekvor/Build/Intermediates.noindex/XCBuildData/c9b684b60a1f391ae4c01c7e555a12ee.xcbuilddata
/Users/filip/Projects/FridgeManager/FridgeManager/FridgeManager.xcodeproj: error: No profiles for 'be.razor.FridgeManager' were found: Xcode couldn't find any iOS App Development provisioning profiles matching 'be.razor.FridgeManager'. Automatic signing is disabled and unable to generate a profile. To enable automatic signing, pass -allowProvisioningUpdates to xcodebuild. (in target 'FridgeManager' from project 'FridgeManager')
warning: Run script build phase 'Regenerate App Icons' will be run during every build because it does not specify any outputs. To address this issue, either add output dependencies to the script phase, or configure it to run in every build by unchecking "Based on dependency analysis" in the script phase. (in target 'FridgeManager' from project 'FridgeManager')
** BUILD FAILED **


The following build commands failed:
	Building project FridgeManager with scheme FridgeManager and configuration Debug
(1 failure)
